Arguments: 
  C:\Program Files\nodejs\node.exe C:\Program Files\nodejs\node_modules\yarn\bin\yarn.js

PATH: 
  C:\Program Files\Common Files\Oracle\Java\javapath;C:\Program Files (x86)\Common Files\Oracle\Java\javapath;C:\WINDOWS\system32;C:\WINDOWS;C:\WINDOWS\System32\Wbem;C:\WINDOWS\System32\WindowsPowerShell\v1.0\;C:\WINDOWS\System32\OpenSSH\;C:\Users\user\AppData\Roaming\nvm;C:\Program Files\nodejs;C:\ProgramData\chocolatey\bin;C:\Program Files\NVIDIA Corporation\NVIDIA NvDLISR;C:\Program Files (x86)\NVIDIA Corporation\PhysX\Common;C:\GTK\bin;C:\Program Files\Git\cmd;C:\Program Files (x86)\Microsoft SQL Server\160\Tools\Binn\;C:\Program Files\Microsoft SQL Server\160\Tools\Binn\;C:\Program Files\Microsoft SQL Server\Client SDK\ODBC\170\Tools\Binn\;C:\Program Files\Microsoft SQL Server\160\DTS\Binn\;C:\Program Files\MySQL\MySQL Shell 8.0\bin\;C:\Users\user\AppData\Local\Microsoft\WindowsApps;C:\Users\user\AppData\Roaming\nvm;C:\Program Files\nodejs;C:\Users\user\AppData\Local\Programs\Microsoft VS Code\bin;C:\GTK\bin;

Yarn version: 
  1.22.19

Node version: 
  16.20.0

Platform: 
  win32 x64

Trace: 
  Error: getaddrinfo EAI_AGAIN registry.yarnpkg.com
      at GetAddrInfoReqWrap.onlookup [as oncomplete] (node:dns:109:26)

npm manifest: 
  {
    "name": "react-vite-ts",
    "private": true,
    "version": "0.0.0",
    "type": "module",
    "scripts": {
      "dev": "vite",
      "build": "tsc && vite build",
      "lint": "eslint . --ext ts,tsx --report-unused-disable-directives --max-warnings 0",
      "preview": "vite preview"
    },
    "dependencies": {
      "framer-motion": "11.5.4",
      "lucide-react": "0.439.0",
      "react": "^18.2.0",
      "react-dom": "^18.2.0"
    },
    "devDependencies": {
      "@types/react": "^18.2.65",
      "@types/react-dom": "^18.2.21",
      "@typescript-eslint/eslint-plugin": "^7.2.0",
      "@typescript-eslint/parser": "^7.2.0",
      "@vitejs/plugin-react": "^4.2.1",
      "autoprefixer": "10.4.19",
      "eslint": "^8.57.0",
      "eslint-plugin-react-hooks": "^4.6.0",
      "eslint-plugin-react-refresh": "^0.4.5",
      "postcss": "8.4.38",
      "tailwindcss": "3.4.3",
      "typescript": "^5.4.2",
      "vite": "^5.1.6"
    }
  }

yarn manifest: 
  No manifest

Lockfile: 
  No lockfile
